<html>
<body>
<pre>
<h1>Vision Build Log</h1>
<h2>Tool Versions:</h2>
IDE-Version: μVision V5.40.0.0
Copyright (C) 2024 ARM Ltd and ARM Germany GmbH. All rights reserved.
License Information: mink johe, none, LIC=KRMW3-A7AMS-2Z7W4-FS69F-C0LQU-I8N4F
 
Tool Versions:
Toolchain:       MDK-ARM Plus  Version: 5.40.0.3
Toolchain Path:  E:\tools\keil\ARM\ARMCC\Bin
C Compiler:      Armcc.exe V5.06 update 7 (build 960)
Assembler:       Armasm.exe V5.06 update 7 (build 960)
Linker/Locator:  ArmLink.exe V5.06 update 7 (build 960)
Library Manager: ArmAr.exe V5.06 update 7 (build 960)
Hex Converter:   FromElf.exe V5.06 update 7 (build 960)
CPU DLL:         SARMCM3.DLL V5.40.0.3
Dialog DLL:      DARMSTM.DLL V1.69.1.0
Target DLL:      STLink\ST-LINKIII-KEIL_SWO.dll V3.3.0.0
Dialog DLL:      TARMSTM.DLL V1.67.1.0
 
<h2>Project:</h2>
E:\stm32文件\stm32项目\平衡车\STM32平衡小车（370电机）\USER\UpStanding_Car.uvprojx
Project File Date:  09/01/2024

<h2>Output:</h2>
*** Using Compiler 'V5.06 update 7 (build 960)', folder: 'E:\tools\keil\ARM\ARMCC\Bin'
Build target 'UpStanding_Car'
compiling mpuiic.c...
E:\tools\keil\ARM\CMSIS\6.1.0\CMSIS\Core\Include\cmsis_compiler.h(287): error:  #35: #error directive: Unknown compiler.
    #error Unknown compiler.
..\HARDWARE\MPU6050\mpuiic.c: 0 warnings, 1 error
compiling mpu6050.c...
E:\tools\keil\ARM\CMSIS\6.1.0\CMSIS\Core\Include\cmsis_compiler.h(287): error:  #35: #error directive: Unknown compiler.
    #error Unknown compiler.
..\HARDWARE\MPU6050\mpu6050.c: 0 warnings, 1 error
compiling inv_mpu_dmp_motion_driver.c...
E:\tools\keil\ARM\CMSIS\6.1.0\CMSIS\Core\Include\cmsis_compiler.h(287): error:  #35: #error directive: Unknown compiler.
    #error Unknown compiler.
..\HARDWARE\MPU6050\eMPL\inv_mpu_dmp_motion_driver.c: 0 warnings, 1 error
compiling inv_mpu.c...
E:\tools\keil\ARM\CMSIS\6.1.0\CMSIS\Core\Include\cmsis_compiler.h(287): error:  #35: #error directive: Unknown compiler.
    #error Unknown compiler.
..\HARDWARE\MPU6050\eMPL\inv_mpu.c: 0 warnings, 1 error
compiling system_stm32f10x.c...
E:\tools\keil\ARM\CMSIS\6.1.0\CMSIS\Core\Include\cmsis_compiler.h(287): error:  #35: #error directive: Unknown compiler.
    #error Unknown compiler.
system_stm32f10x.c: 0 warnings, 1 error
compiling stm32f10x_it.c...
E:\tools\keil\ARM\CMSIS\6.1.0\CMSIS\Core\Include\cmsis_compiler.h(287): error:  #35: #error directive: Unknown compiler.
    #error Unknown compiler.
stm32f10x_it.c: 0 warnings, 1 error
compiling delay.c...
E:\tools\keil\ARM\CMSIS\6.1.0\CMSIS\Core\Include\cmsis_compiler.h(287): error:  #35: #error directive: Unknown compiler.
    #error Unknown compiler.
..\SYSTEM\delay\delay.c: 0 warnings, 1 error
compiling main.c...
E:\tools\keil\ARM\CMSIS\6.1.0\CMSIS\Core\Include\cmsis_compiler.h(287): error:  #35: #error directive: Unknown compiler.
    #error Unknown compiler.
main.c: 0 warnings, 1 error
compiling oled.c...
E:\tools\keil\ARM\CMSIS\6.1.0\CMSIS\Core\Include\cmsis_compiler.h(287): error:  #35: #error directive: Unknown compiler.
    #error Unknown compiler.
..\HARDWARE\OLED\oled.c: 0 warnings, 1 error
compiling encoder.c...
E:\tools\keil\ARM\CMSIS\6.1.0\CMSIS\Core\Include\cmsis_compiler.h(287): error:  #35: #error directive: Unknown compiler.
    #error Unknown compiler.
..\HARDWARE\ENCODER\encoder.c: 0 warnings, 1 error
compiling control.c...
E:\tools\keil\ARM\CMSIS\6.1.0\CMSIS\Core\Include\cmsis_compiler.h(287): error:  #35: #error directive: Unknown compiler.
    #error Unknown compiler.
..\HARDWARE\CONTROL\control.c: 0 warnings, 1 error
compiling usart.c...
E:\tools\keil\ARM\CMSIS\6.1.0\CMSIS\Core\Include\cmsis_compiler.h(287): error:  #35: #error directive: Unknown compiler.
    #error Unknown compiler.
..\SYSTEM\usart\usart.c: 0 warnings, 1 error
compiling sys.c...
E:\tools\keil\ARM\CMSIS\6.1.0\CMSIS\Core\Include\cmsis_compiler.h(287): error:  #35: #error directive: Unknown compiler.
    #error Unknown compiler.
..\SYSTEM\sys\sys.c: 0 warnings, 1 error
compiling exti.c...
E:\tools\keil\ARM\CMSIS\6.1.0\CMSIS\Core\Include\cmsis_compiler.h(287): error:  #35: #error directive: Unknown compiler.
    #error Unknown compiler.
..\HARDWARE\EXTI\exti.c: 0 warnings, 1 error
compiling motor.c...
E:\tools\keil\ARM\CMSIS\6.1.0\CMSIS\Core\Include\cmsis_compiler.h(287): error:  #35: #error directive: Unknown compiler.
    #error Unknown compiler.
..\HARDWARE\MOTOR\motor.c: 0 warnings, 1 error
compiling pwm.c...
E:\tools\keil\ARM\CMSIS\6.1.0\CMSIS\Core\Include\cmsis_compiler.h(287): error:  #35: #error directive: Unknown compiler.
    #error Unknown compiler.
..\HARDWARE\PWM\pwm.c: 0 warnings, 1 error
compiling usart3.c...
E:\tools\keil\ARM\CMSIS\6.1.0\CMSIS\Core\Include\cmsis_compiler.h(287): error:  #35: #error directive: Unknown compiler.
    #error Unknown compiler.
..\HARDWARE\USART3\usart3.c: 0 warnings, 1 error
compiling misc.c...
E:\tools\keil\ARM\CMSIS\6.1.0\CMSIS\Core\Include\cmsis_compiler.h(287): error:  #35: #error directive: Unknown compiler.
    #error Unknown compiler.
..\STM32F10x_FWLib\src\misc.c: 0 warnings, 1 error
compiling stm32f10x_adc.c...
E:\tools\keil\ARM\CMSIS\6.1.0\CMSIS\Core\Include\cmsis_compiler.h(287): error:  #35: #error directive: Unknown compiler.
    #error Unknown compiler.
..\STM32F10x_FWLib\src\stm32f10x_adc.c: 0 warnings, 1 error
compiling stm32f10x_bkp.c...
E:\tools\keil\ARM\CMSIS\6.1.0\CMSIS\Core\Include\cmsis_compiler.h(287): error:  #35: #error directive: Unknown compiler.
    #error Unknown compiler.
..\STM32F10x_FWLib\src\stm32f10x_bkp.c: 0 warnings, 1 error
compiling stm32f10x_can.c...
E:\tools\keil\ARM\CMSIS\6.1.0\CMSIS\Core\Include\cmsis_compiler.h(287): error:  #35: #error directive: Unknown compiler.
    #error Unknown compiler.
..\STM32F10x_FWLib\src\stm32f10x_can.c: 0 warnings, 1 error
compiling stm32f10x_cec.c...
E:\tools\keil\ARM\CMSIS\6.1.0\CMSIS\Core\Include\cmsis_compiler.h(287): error:  #35: #error directive: Unknown compiler.
    #error Unknown compiler.
..\STM32F10x_FWLib\src\stm32f10x_cec.c: 0 warnings, 1 error
compiling stm32f10x_crc.c...
E:\tools\keil\ARM\CMSIS\6.1.0\CMSIS\Core\Include\cmsis_compiler.h(287): error:  #35: #error directive: Unknown compiler.
    #error Unknown compiler.
..\STM32F10x_FWLib\src\stm32f10x_crc.c: 0 warnings, 1 error
compiling stm32f10x_dac.c...
E:\tools\keil\ARM\CMSIS\6.1.0\CMSIS\Core\Include\cmsis_compiler.h(287): error:  #35: #error directive: Unknown compiler.
    #error Unknown compiler.
..\STM32F10x_FWLib\src\stm32f10x_dac.c: 0 warnings, 1 error
compiling stm32f10x_dbgmcu.c...
E:\tools\keil\ARM\CMSIS\6.1.0\CMSIS\Core\Include\cmsis_compiler.h(287): error:  #35: #error directive: Unknown compiler.
    #error Unknown compiler.
..\STM32F10x_FWLib\src\stm32f10x_dbgmcu.c: 0 warnings, 1 error
compiling stm32f10x_dma.c...
E:\tools\keil\ARM\CMSIS\6.1.0\CMSIS\Core\Include\cmsis_compiler.h(287): error:  #35: #error directive: Unknown compiler.
    #error Unknown compiler.
..\STM32F10x_FWLib\src\stm32f10x_dma.c: 0 warnings, 1 error
compiling stm32f10x_exti.c...
E:\tools\keil\ARM\CMSIS\6.1.0\CMSIS\Core\Include\cmsis_compiler.h(287): error:  #35: #error directive: Unknown compiler.
    #error Unknown compiler.
..\STM32F10x_FWLib\src\stm32f10x_exti.c: 0 warnings, 1 error
compiling stm32f10x_flash.c...
E:\tools\keil\ARM\CMSIS\6.1.0\CMSIS\Core\Include\cmsis_compiler.h(287): error:  #35: #error directive: Unknown compiler.
    #error Unknown compiler.
..\STM32F10x_FWLib\src\stm32f10x_flash.c: 0 warnings, 1 error
compiling stm32f10x_fsmc.c...
E:\tools\keil\ARM\CMSIS\6.1.0\CMSIS\Core\Include\cmsis_compiler.h(287): error:  #35: #error directive: Unknown compiler.
    #error Unknown compiler.
..\STM32F10x_FWLib\src\stm32f10x_fsmc.c: 0 warnings, 1 error
compiling stm32f10x_gpio.c...
E:\tools\keil\ARM\CMSIS\6.1.0\CMSIS\Core\Include\cmsis_compiler.h(287): error:  #35: #error directive: Unknown compiler.
    #error Unknown compiler.
..\STM32F10x_FWLib\src\stm32f10x_gpio.c: 0 warnings, 1 error
compiling stm32f10x_i2c.c...
E:\tools\keil\ARM\CMSIS\6.1.0\CMSIS\Core\Include\cmsis_compiler.h(287): error:  #35: #error directive: Unknown compiler.
    #error Unknown compiler.
..\STM32F10x_FWLib\src\stm32f10x_i2c.c: 0 warnings, 1 error
compiling stm32f10x_iwdg.c...
E:\tools\keil\ARM\CMSIS\6.1.0\CMSIS\Core\Include\cmsis_compiler.h(287): error:  #35: #error directive: Unknown compiler.
    #error Unknown compiler.
..\STM32F10x_FWLib\src\stm32f10x_iwdg.c: 0 warnings, 1 error
compiling stm32f10x_pwr.c...
E:\tools\keil\ARM\CMSIS\6.1.0\CMSIS\Core\Include\cmsis_compiler.h(287): error:  #35: #error directive: Unknown compiler.
    #error Unknown compiler.
..\STM32F10x_FWLib\src\stm32f10x_pwr.c: 0 warnings, 1 error
compiling stm32f10x_rcc.c...
E:\tools\keil\ARM\CMSIS\6.1.0\CMSIS\Core\Include\cmsis_compiler.h(287): error:  #35: #error directive: Unknown compiler.
    #error Unknown compiler.
..\STM32F10x_FWLib\src\stm32f10x_rcc.c: 0 warnings, 1 error
compiling stm32f10x_rtc.c...
E:\tools\keil\ARM\CMSIS\6.1.0\CMSIS\Core\Include\cmsis_compiler.h(287): error:  #35: #error directive: Unknown compiler.
    #error Unknown compiler.
..\STM32F10x_FWLib\src\stm32f10x_rtc.c: 0 warnings, 1 error
compiling stm32f10x_sdio.c...
E:\tools\keil\ARM\CMSIS\6.1.0\CMSIS\Core\Include\cmsis_compiler.h(287): error:  #35: #error directive: Unknown compiler.
    #error Unknown compiler.
..\STM32F10x_FWLib\src\stm32f10x_sdio.c: 0 warnings, 1 error
compiling stm32f10x_spi.c...
E:\tools\keil\ARM\CMSIS\6.1.0\CMSIS\Core\Include\cmsis_compiler.h(287): error:  #35: #error directive: Unknown compiler.
    #error Unknown compiler.
..\STM32F10x_FWLib\src\stm32f10x_spi.c: 0 warnings, 1 error
compiling stm32f10x_tim.c...
E:\tools\keil\ARM\CMSIS\6.1.0\CMSIS\Core\Include\cmsis_compiler.h(287): error:  #35: #error directive: Unknown compiler.
    #error Unknown compiler.
..\STM32F10x_FWLib\src\stm32f10x_tim.c: 0 warnings, 1 error
compiling stm32f10x_wwdg.c...
E:\tools\keil\ARM\CMSIS\6.1.0\CMSIS\Core\Include\cmsis_compiler.h(287): error:  #35: #error directive: Unknown compiler.
    #error Unknown compiler.
..\STM32F10x_FWLib\src\stm32f10x_wwdg.c: 0 warnings, 1 error
compiling stm32f10x_usart.c...
E:\tools\keil\ARM\CMSIS\6.1.0\CMSIS\Core\Include\cmsis_compiler.h(287): error:  #35: #error directive: Unknown compiler.
    #error Unknown compiler.
..\STM32F10x_FWLib\src\stm32f10x_usart.c: 0 warnings, 1 error
"..\OBJ\UpStanding_Car.axf" - 40 Error(s), 0 Warning(s).

<h2>Software Packages used:</h2>

Package Vendor: ARM
                https://www.keil.com/pack/ARM.CMSIS.6.1.0.pack
                ARM::CMSIS@6.1.0
                CMSIS (Common Microcontroller Software Interface Standard)
   * Component: CORE Version: 6.1.0

Package Vendor: Keil
                https://www.keil.com/pack/Keil.STM32F1xx_DFP.2.4.1.pack
                Keil::STM32F1xx_DFP@2.4.1
                STMicroelectronics STM32F1 Series Device Support, Drivers and Examples

<h2>Collection of Component include folders:</h2>
  ./RTE/_UpStanding_Car
  E:/tools/keil/ARM/CMSIS/6.1.0/CMSIS/Core/Include
  E:/tools/keil/Keil/STM32F1xx_DFP/2.4.1/Device/Include

<h2>Collection of Component Files used:</h2>

   * Component: ARM::CMSIS:CORE@6.1.0
Target not created.
Build Time Elapsed:  00:00:01
</pre>
</body>
</html>
